<?xml version="1.0" encoding="UTF-8"?>
<testng-results skipped="0" failed="0" ignored="0" total="1" passed="1">
  <reporter-output>
  </reporter-output>
  <suite name="Regression" duration-ms="30083" started-at="2019-09-25T17:53:46Z" finished-at="2019-09-25T17:54:16Z">
    <groups>
    </groups>
    <test name="Enmulator" duration-ms="30083" started-at="2019-09-25T17:53:46Z" finished-at="2019-09-25T17:54:16Z">
      <class name="com.automation.testscripts.LoginTest">
        <test-method status="PASS" signature="startAppoumserver(java.lang.String)[pri:0, instance:com.automation.testscripts.LoginTest@6500df86]" name="startAppoumserver" is-config="true" duration-ms="12" started-at="2019-09-25T23:23:46Z" finished-at="2019-09-25T23:23:46Z">
          <params>
            <param index="0">
              <value>
                <![CDATA[grid]]>
              </value>
            </param>
          </params>
          <reporter-output>
          </reporter-output>
        </test-method> <!-- startAppoumserver -->
        <test-method status="PASS" signature="setup(java.lang.String, java.lang.String)[pri:0, instance:com.automation.testscripts.LoginTest@6500df86]" name="setup" is-config="true" duration-ms="21626" started-at="2019-09-25T23:23:46Z" finished-at="2019-09-25T23:24:08Z">
          <params>
            <param index="0">
              <value>
                <![CDATA[mobile]]>
              </value>
            </param>
            <param index="1">
              <value>
                <![CDATA[192.168.56.101:5555]]>
              </value>
            </param>
          </params>
          <reporter-output>
          </reporter-output>
        </test-method> <!-- setup -->
        <test-method status="PASS" signature="login()[pri:0, instance:com.automation.testscripts.LoginTest@6500df86]" name="login" duration-ms="8422" started-at="2019-09-25T23:24:08Z" finished-at="2019-09-25T23:24:16Z">
          <reporter-output>
          </reporter-output>
        </test-method> <!-- login -->
        <test-method status="PASS" signature="tearDown()[pri:0, instance:com.automation.testscripts.LoginTest@6500df86]" name="tearDown" is-config="true" duration-ms="0" started-at="2019-09-25T23:24:16Z" finished-at="2019-09-25T23:24:16Z">
          <reporter-output>
          </reporter-output>
        </test-method> <!-- tearDown -->
        <test-method status="PASS" signature="stopAppiumServer(java.lang.String)[pri:0, instance:com.automation.testscripts.LoginTest@6500df86]" name="stopAppiumServer" is-config="true" duration-ms="0" started-at="2019-09-25T23:24:16Z" finished-at="2019-09-25T23:24:16Z">
          <params>
            <param index="0">
              <value>
                <![CDATA[grid]]>
              </value>
            </param>
          </params>
          <reporter-output>
          </reporter-output>
        </test-method> <!-- stopAppiumServer -->
      </class> <!-- com.automation.testscripts.LoginTest -->
    </test> <!-- Enmulator -->
  </suite> <!-- Regression -->
</testng-results>
